<mule xmlns="http://www.mulesoft.org/schema/mule/core"
      xmlns:xsi="http://www.w3.org/2001/XMLSchema-instance"
      xmlns:github-marina="http://www.mulesoft.org/schema/mule/github-marina"
      xsi:schemaLocation="http://www.mulesoft.org/schema/mule/core http://www.mulesoft.org/schema/mule/core/current/mule.xsd
          http://www.mulesoft.org/schema/mule/github-marina http://www.mulesoft.org/schema/mule/github-marina/current/mule-github-marina.xsd">

    <github-marina:config name="config" configId="configId">
        <github-marina:connection requiredParameter="aValue" />
    </github-marina:config>

    <flow name="sayHiFlow">
        <github-marina:say-hi person="Mariano Gonzalez"/>
    </flow>

    <flow name="retrieveInfoFlow">
        <github-marina:retrieve-info config-ref="config"/>
    </flow>

</mule>
